         w __deregister_frame_info
         w __register_frame_info
         w userAppExit
         w userAppInit
00000000 00000802 B __ctru_dev_utf16_buf
00000000 A __sync_synchronize
00000000 b _TLS_MODULE_BASE_
00000000 a shift
00000000 a shift
00000804 00000401 B __ctru_dev_path_buf
00100000 A __start__
00100000 T _start
00100008 T __service_ptr
0010000c T __apt_appid
00100010 T __heap_size
00100014 T __linear_heap_size
00100018 T __system_arglist
0010001c T __system_runflags
00100020 t startup
00100058 t ClearMem
0010006c t ClrLoop
00100094 T _init
001000ac t .udivsi3_skip_div0_test
001000ac T __aeabi_uidiv
001000ac 000001ec T __udivsi3
00100298 00000020 T __aeabi_uidivmod
001002b8 T __aeabi_idiv
001002b8 00000220 T __divsi3
001002c0 t .divsi3_skip_div0_test
001004d8 00000020 T __aeabi_idivmod
001004f8 00000004 W __aeabi_idiv0
001004f8 00000004 W __aeabi_ldiv0
001004fc T __aeabi_drsub
00100504 000002b0 T __aeabi_dsub
00100504 000002b0 T __subdf3
00100508 000002ac T __adddf3
00100508 000002ac T __aeabi_dadd
001007b4 00000024 T __aeabi_ui2d
001007b4 00000024 T __floatunsidf
001007d8 00000028 T __aeabi_i2d
001007d8 00000028 T __floatsidf
00100800 00000048 T __aeabi_f2d
00100800 00000048 T __extendsfdf2
00100848 00000074 T __aeabi_ul2d
00100848 00000074 T __floatundidf
0010085c 00000060 T __aeabi_l2d
0010085c 00000060 T __floatdidf
001008bc T __aeabi_ldivmod
00100990 T __aeabi_uldivmod
001009e8 00000390 T strcmp
00100d70 t __do_global_dtors_aux
00100dc0 t frame_dummy
00100dec 000000e8 t musicUpdate
00100ed4 00000058 t SaveHighScore
00100f2c 00000048 t UpdateScoreText.part.0
00100f74 00000064 t startGame
00100fd8 00000e04 T main
00101ddc 00000044 t C2Di_FrameEndHook
00101e20 0000036c T C2D_Init
0010218c 0000004c T C2D_Fini
001021d8 000000b8 T C2D_Prepare
00102290 00000048 T C2D_Flush
001022d8 00000104 T C2D_SceneSize
001023dc 00000058 T C2D_CreateScreenTarget
00102434 00000064 T C2D_TargetClear
00102498 0000013c T C2Di_CalcQuad
001025d4 00000058 T C2Di_AppendQuad
0010262c 00000040 T C2Di_AppendVtx
0010266c 00000550 T C2Di_Update
00102bbc 000002b0 T C2D_DrawImage
00102e6c 0000016c T C2D_DrawEllipse
00102fd8 00000140 t C2Di_CalcLineWidths
00103118 000001dc T C2D_TextBufNew
001032f4 00000004 T C2D_TextBufDelete
001032f8 0000000c T C2D_TextBufClear
00103304 000001c8 T C2D_TextFontParseLine
001034cc 000000a8 T C2D_TextFontParse
00103574 00000014 T C2D_TextParse
00103588 00000f6c T C2D_DrawText
001044f4 0000006c T C2D_SpriteSheetLoadFromHandle
00104560 00000048 T C2D_SpriteSheetLoad
001045a8 00000028 T C2D_SpriteSheetFree
001045d0 0000002c T C2D_SpriteSheetGetImage
001045fc 00000044 T C2D_FontGlyphIndexFromCodePoint
00104640 00000078 T C2D_FontCalcGlyphPos
001046b8 00000028 T AttrInfo_Init
001046e0 00000094 T AttrInfo_AddLoader
00104774 00000054 T C3D_SetAttrInfo
001047c8 00000080 T C3Di_AttrInfoBind
00104848 00000004 W C3Di_LightEnvUpdate
0010484c 00000004 W C3Di_LightEnvDirty
00104850 000000b4 t C3Di_AptEventHook
00104904 00000004 W C3Di_GasUpdate
00104908 000001d0 T C3D_Init
00104ad8 00000098 T C3D_SetViewport
00104b70 000004e8 T C3Di_UpdateContext
00105058 000000e0 T C3Di_SplitFrame
00105138 00000044 T C3D_Fini
0010517c 00000194 T C3D_BindProgram
00105310 00000024 T BufInfo_Init
00105334 00000080 T BufInfo_Add
001053b4 0000003c T C3D_SetBufInfo
001053f0 00000048 T C3Di_BufInfoBind
00105438 0000021c T C3D_DrawElements
00105654 00000040 T C3D_DepthMap
00105694 0000001c T C3D_CullFace
001056b0 00000040 T C3D_StencilTest
001056f0 00000024 T C3D_StencilOp
00105714 0000001c T C3D_BlendingColor
00105730 00000024 T C3D_EarlyDepthTest
00105754 0000002c T C3D_DepthTest
00105780 0000002c T C3D_AlphaTest
001057ac 00000050 T C3D_AlphaBlend
001057fc 00000030 T C3D_FragOpMode
0010582c 00000044 T C3D_FragOpShadow
00105870 000001ac T C3Di_EffectBind
00105a1c 0000001c T C3D_CalcColorBufSize
00105a38 0000001c T C3D_CalcDepthBufSize
00105a54 00000044 T C3D_SetFrameBuf
00105a98 0000016c T C3Di_FrameBufBind
00105c04 000000c8 T C3D_FrameBufClear
00105ccc 00000044 T C3D_FrameBufTransfer
00105d10 000000a8 T C3D_ImmSendAttrib
00105db8 00000070 T C3D_ProcTexInit
00105e28 00000054 T C3D_ProcTexBind
00105e7c 0000005c T C3D_ProcTexLutBind
00105ed8 000000a4 T ProcTexLut_FromArray
00105f7c 00000178 T C3Di_ProcTexUpdate
001060f4 00000068 T C3Di_ProcTexDirty
0010615c 0000004c t onVBlank0
001061a8 0000004c t onVBlank1
001061f4 00000080 t C3Di_RenderTargetDestroy
00106274 000000f4 t onQueueFinish
00106368 00000038 T C3Di_RenderQueueEnableVBlank
001063a0 00000030 T C3Di_RenderQueueDisableVBlank
001063d0 00000060 T C3Di_RenderQueueInit
00106430 000000b4 T C3Di_RenderQueueExit
001064e4 00000034 T C3Di_RenderQueueWaitDone
00106518 000000e8 T C3D_FrameBegin
00106600 00000048 T C3D_FrameDrawOn
00106648 00000058 T C3D_FrameSplit
001066a0 000001d0 T C3D_FrameEnd
00106870 0000001c T C3D_FrameEndHook
0010688c 00000170 T C3D_RenderTargetCreate
001069fc 000000a8 T C3D_RenderTargetSetOutput
00106aa4 000000fc T C3D_SyncTextureCopy
00106ba0 000003d8 t Tex3DSi_ImportCommon
00106f78 00000038 T Tex3DS_TextureImportStdio
00106fb0 0000001c T Tex3DS_GetSubTexture
00106fcc 00000004 T Tex3DS_TextureFree
00106fd0 00000034 T C3D_GetTexEnv
00107004 00000024 T C3Di_TexEnvBind
00107028 00000290 T C3D_TexInitWithParams
001072b8 000000c8 T C3D_TexLoadImage
00107380 00000044 T C3D_TexBind
001073c4 00000074 T C3D_TexDelete
00107438 0000014c T C3Di_SetTex
00107584 00000290 T C3D_UpdateUniforms
00107814 000000c0 T C3Di_DirtyUniforms
001078d4 000000d8 T C3Di_LoadShaderUniforms
001079ac 00000028 T C3Di_ClearShaderUniforms
001079d4 000000cc T Mtx_Ortho
00107aa0 000000cc T Mtx_OrthoTilt
00107b6c 00000024 t addrMapNodeComparator(rbtree_node const*, rbtree_node const*)
00107b90 00000004 t addrMapNodeDestructor(rbtree_node*)
00107b94 0000012c T linearMemAlign
00107cc0 00000008 T linearAlloc
00107cc8 0000005c T linearFree
00107d24 00000088 T MemPool::CoalesceRight(MemBlock*)
00107dac 00000178 T MemPool::Allocate(MemChunk&, unsigned long, int)
00107f24 00000118 T MemPool::Deallocate(MemChunk const&)
0010803c 00000030 T MemPool::GetFreeSpace()
0010806c 00000024 t addrMapNodeComparator(rbtree_node const*, rbtree_node const*)
00108090 00000004 t addrMapNodeDestructor(rbtree_node*)
00108094 00000248 T vramMemAlignAt
001082dc 0000000c T vramAlloc
001082e8 0000000c T vramAllocAt
001082f4 00000094 T vramFree
00108388 000001c8 T consoleDrawChar
00108550 00000170 T consolePrintChar
001086c0 00000110 t newRow
001087d0 000000b8 T consoleClear
00108888 0000009c T fontEnsureMapped
00108924 00000100 T fontGlyphIndexFromCodePoint
00108a24 00000214 T fontCalcGlyphPos
00108c38 000000cc t gfxPresentFramebuffer
00108d04 0000001c T gfxIsWide
00108d20 000000f8 T gfxSetScreenFormat
00108e18 000000d8 T gfxInit
00108ef0 00000010 T gfxInitDefault
00108f00 000000b8 T gfxExit
00108fb8 000000a0 T gfxGetFramebuffer
00109058 00000100 T gfxFlushBuffers
00109158 00000028 T gfxScreenSwapBuffers
00109180 00000074 T osConvertVirtToPhys
001091f4 00000054 T osGetTimeRef
00109248 000000ec T osGetTime
00109334 00000034 T __ctru_speedup_config
00109368 00000008 t romfs_close
00109370 000000ac t romfs_seek
0010941c 00000024 t romfs_dirreset
00109440 000000c0 t fill_dir
00109500 000002ac t romfs_dirnext
001097ac 00000074 t romfs_free
00109820 000000d0 t searchForFile.constprop.0
001098f0 000000d4 t searchForDir.constprop.0
001099c4 000001c0 t navigateToDir.constprop.0
00109b84 00000114 t romfs_open
00109c98 0000004c t romfs_chdir
00109ce4 00000068 t romfs_diropen
00109d4c 00000178 t romfs_stat
00109ec4 00000008 t romfs_dirclose
00109ed0 0000007c t romfs_fstat
00109f4c 000000d0 t romfs_read
0010a01c 0000028c T romfsMountFromFile
0010a2a8 00000098 T romfsMountFromCurrentProcess
0010a340 00000258 T romfsMountSelf
0010a598 0000013c T GPUCMD_Add
0010a6d4 000000b0 T GPUCMD_Split
0010a784 00000034 T f32tof16
0010a7b8 00000034 T f32tof24
0010a7ec 00000038 T f32tof31
0010a824 00000010 T GX_BindQueue
0010a834 0000007c T GX_ProcessCommandList
0010a8b0 00000074 T GX_MemoryFill
0010a924 00000074 T GX_DisplayTransfer
0010a998 00000078 T GX_TextureCopy
0010aa10 00000064 t gxCmdQueueDoCommands.part.0
0010aa74 000000e4 T gxCmdQueueInterrupt
0010ab58 00000068 T gxCmdQueueClear
0010abc0 00000108 T gxCmdQueueAdd
0010acc8 00000080 T gxCmdQueueRun
0010ad48 00000064 T gxCmdQueueStop
0010adac 0000008c T gxCmdQueueWait
0010ae38 000001e0 T shaderInstanceInit
0010b018 00000018 T shaderInstanceGetUniformLocation
0010b030 0000001c T shaderProgramInit
0010b04c 00000074 T shaderProgramFree
0010b0c0 00000094 T shaderProgramSetVsh
0010b154 000008d0 T shaderProgramConfigure
0010ba24 000001dc t DVLE_GenerateOutmap.part.0
0010bc00 000001ac T DVLB_ParseFile
0010bdac 00000050 T DVLB_Free
0010bdfc 00000074 T DVLE_GetUniformRegister
0010be70 00000158 t ndspUpdateMaster
0010bfc8 00000108 t ndspFinalize
0010c0d0 00000254 t ndspInitialize.part.0
0010c324 00000108 t ndspHookCallback
0010c430 00000318 t ndspThreadMain
0010c748 000003f0 T ndspInit
0010cb38 000000d8 T ndspExit
0010cc10 0000003c T ndspSetMasterVol
0010cc4c 00000034 T ndspSetOutputMode
0010cc80 000000e0 T ndspChnReset
0010cd60 00000018 T ndspChnSetFormat
0010cd78 00000050 T ndspChnSetInterp
0010cdc8 00000060 T ndspChnSetRate
0010ce28 00000080 T ndspChnSetMix
0010cea8 000000b0 T ndspChnWaveBufClear
0010cf58 000000c8 T ndspChnWaveBufAdd
0010d020 00000040 T ndspiInitChn
0010d060 0000002c T ndspiDirtyChn
0010d08c 0000043c T ndspiUpdateChn
0010d4c8 00000180 T ndspiReadChnState
0010d648 00000180 t aptConvertScreenForCapture
0010d7c8 00000138 T aptSendCommand
0010d900 00000044 t aptExitProcess
0010d944 00000394 T aptExit
0010dcd8 000000d8 T aptHandleSleep
0010ddb0 00000034 T aptHook
0010dde4 00000030 T aptUnhook
0010de14 00000084 T APT_SleepIfShellClosed
0010de98 00000078 T aptSetSleepAllowed
0010df10 00000084 T APT_UnlockTransition
0010df98 00000470 t aptEventHandler
0010e408 000000bc T APT_ReceiveParameter
0010e4c4 000000b0 t aptReceiveParameter.constprop.0
0010e578 00000294 t aptScreenTransfer
0010e80c 000002d0 t aptWaitForWakeUp.isra.0
0010eadc 000000f4 T aptJumpToHomeMenu
0010ebd0 00000058 T aptMainLoop
0010ec28 00000240 T aptInit
0010ee68 00000090 T APT_CheckNew3DS
0010eef8 00000048 T APT_GetSharedFont
0010ef40 000000a8 T cfguInit
0010efe8 0000003c T cfguExit
0010f024 0000004c T CFGU_GetConfigInfoBlk2
0010f070 000000a4 t DSP_LoadComponent.part.0
0010f114 000000fc T dspInit
0010f210 0000008c T dspExit
0010f29c 00000024 T dspHook
0010f2c0 00000030 T dspUnhook
0010f2f0 000000b4 T aptDspSleep
0010f3a4 000000b4 T aptDspWakeup
0010f458 00000044 T aptDspCancel
0010f49c 00000050 T DSP_FlushDataCache
0010f4ec 00000034 T DSP_SetSemaphore
0010f520 00000034 T DSP_SetSemaphoreMask
0010f554 00000038 T DSP_GetSemaphoreHandle
0010f58c 0000003c T DSP_LoadComponent
0010f5c8 00000044 T DSP_RegisterInterruptEvents
0010f60c 00000078 T DSP_ReadPipeIfPossible
0010f684 0000004c T DSP_WriteProcessPipe
0010f6d0 00000044 T DSP_ConvertProcessAddressFromDspDram
0010f714 00000044 T DSP_RecvData
0010f758 00000050 T DSP_RecvDataIsReady
0010f7a8 00000104 T fsInit
0010f8ac 0000003c T fsExit
0010f8e8 00000068 T fsExemptFromSession
0010f950 00000050 T fsUnexemptFromSession
0010f9a0 000000cc T FSUSER_OpenFile
0010fa6c 000000cc T FSUSER_OpenFileDirectly
0010fb38 000000b8 T FSUSER_DeleteFile
0010fbf0 000000f4 T FSUSER_RenameFile
0010fce4 000000b8 T FSUSER_DeleteDirectory
0010fd9c 000000d0 T FSUSER_CreateFile
0010fe6c 000000c0 T FSUSER_CreateDirectory
0010ff2c 000000f4 T FSUSER_RenameDirectory
00110020 000000b4 T FSUSER_OpenDirectory
001100d4 00000090 T FSUSER_OpenArchive
00110164 0000008c T FSUSER_CloseArchive
001101f0 00000074 T FSUSER_GetSdmcArchiveResource
00110264 00000064 T FSUSER_IsSdmcWritable
001102c8 00000064 T FSFILE_Read
0011032c 0000006c T FSFILE_Write
00110398 00000044 T FSFILE_GetSize
001103dc 00000028 T FSFILE_SetSize
00110404 0000003c T FSFILE_Close
00110440 00000024 T FSFILE_Flush
00110464 00000060 T FSDIR_Read
001104c4 0000003c T FSDIR_Close
00110500 00000c70 t gspHardwareInit
00111170 00000280 T gspInit
001113f0 00000110 T gspExit
00111500 00000010 T gspHasGpuRight
00111510 000000a4 T gspPresentBuffer
001115b4 00000030 T gspSetEventCallback
001115e4 00000050 T gspWaitForEvent
00111634 0000004c T gspWaitForAnyEvent
00111680 00000154 t gspEventThreadMain
001117d4 0000012c T gspSubmitGxCommand
00111900 00000050 T GSPGPU_FlushDataCache
00111950 00000034 T GSPGPU_SetLcdForceBlack
00111984 00000080 T GSPGPU_AcquireRight
00111a04 0000005c T GSPGPU_ReleaseRight
00111a60 0000007c T GSPGPU_ImportDisplayCaptureInfo
00111adc 0000002c T GSPGPU_SaveVramSysArea
00111b08 0000002c T GSPGPU_RestoreVramSysArea
00111b34 00000024 W hidShouldUseIrrst
00111b58 000001cc T hidInit
00111d24 000000e8 T hidExit
00111e0c 000002a0 T hidScanInput
001120ac 00000010 T hidKeysDown
001120bc 00000018 T hidTouchRead
001120d4 000001a4 T irrstInit
00112278 000000dc T irrstExit
00112354 000000b4 T irrstScanInput
00112408 00000024 T irrstKeysHeld
0011242c 00000078 T ptmSysmInit
001124a4 0000003c T ptmSysmExit
001124e0 00000034 T PTMSYSM_ConfigureNew3DSCPU
00112514 000000e0 t buffer_read
001125f4 000000cc t iov_read
001126c0 00000164 t iov_memmove
00112824 000001e0 t decompress_rle
00112a04 00000264 t decompress_lzss
00112c68 00000418 t decompress_lz11
00113080 0000031c t decompress_huff.isra.0
0011339c 00000010 T decompressCallback_Stdio
001133ac 000000e4 T decompressHeader
00113490 0000021c T decompressV
001136ac 00000074 T rbtree_find
00113720 00000010 T rbtree_init
00113730 00000198 t do_insert
001138c8 00000008 T rbtree_insert
001138d0 00000310 T rbtree_remove
00113be0 00000090 T rbtree_rotate
00113c70 00000140 T decode_utf8
00113db0 000000e8 T utf16_to_utf8
00113e98 000000c0 T utf8_to_utf16
00113f58 000001e8 W __system_allocateHeaps
00114140 00000038 W __libctru_init
00114178 0000016c W __system_initArgv
001142e4 00000030 T __syscall_getreent
00114314 00000064 T __syscall_gettod_r
00114378 00000004 T __syscall_lock_acquire
0011437c 00000004 T __syscall_lock_release
00114380 00000004 T __syscall_lock_acquire_recursive
00114384 00000004 T __syscall_lock_release_recursive
00114388 00000004 T __syscall_exit
0011438c 00000054 T initThreadVars
001143e0 00000080 T __system_initSyscalls
00114460 T svcControlMemory
00114480 T svcQueryMemory
001144b0 T svcExitProcess
001144b8 T svcCreateThread
001144d8 T svcExitThread
001144e0 T svcSleepThread
001144e8 T svcReleaseMutex
001144f0 T svcCreateEvent
00114504 T svcSignalEvent
0011450c T svcClearEvent
00114514 T svcMapMemoryBlock
0011451c T svcUnmapMemoryBlock
00114524 T svcCreateAddressArbiter
00114538 T svcArbitrateAddressNoTimeout
00114540 T svcCloseHandle
00114548 T svcWaitSynchronization
00114550 T svcWaitSynchronizationN
00114578 T svcDuplicateHandle
0011458c T svcGetSystemTick
00114594 T svcConnectToPort
001145a8 T svcSendSyncRequest
001145b0 T svcGetResourceLimit
001145c4 T svcGetResourceLimitLimitValues
001145cc T svcGetResourceLimitCurrentValues
001145d4 T svcBreak
001145dc T __aeabi_read_tp
001145e8 W initSystem
00114638 W __ctru_exit
0011464c 0000008c W envGetHandle
001146d8 00000050 W envDestroyHandles
00114728 00000164 T srvInit
0011488c 00000064 T srvExit
001148f0 00000060 T srvEnableNotification
00114950 000000a0 T srvGetServiceHandleDirect
001149f0 00000048 T srvGetServiceHandle
00114a38 00000034 T srvSubscribe
00114a6c 00000060 T srvReceiveNotification
00114acc 00000038 T srvPublishToSubscriber
00114b04 0000000c T __sync_init
00114b10 00000018 T __sync_fini
00114b28 00000028 T syncArbitrateAddress
00114b50 0000001c T LightLock_Init
00114b6c 000000ac T LightLock_Lock
00114c18 00000040 T LightLock_Unlock
00114c58 00000054 T RecursiveLock_Lock
00114cac 00000054 T RecursiveLock_Unlock
00114d00 00000044 T LightEvent_Init
00114d44 000000b8 T LightEvent_Clear
00114dfc 000000dc T LightEvent_Signal
00114ed8 00000050 T LightEvent_TryWait
00114f28 000000ac T LightEvent_Wait
00114fd4 000001fc T threadCreate
001151d0 00000038 T threadFree
00115208 00000024 T threadJoin
0011522c 00000030 T threadGetCurrent
0011525c 00000040 T threadExit
0011529c 00000020 t _thread_begin
001152bc 00000090 t mappableFindAddressWithin
0011534c 00000028 T mappableInit
00115374 0000007c T mappableAlloc
001153f0 00000004 T mappableFree
001153f4 0000000c T srvPmGetSessionHandle
00115400 00000060 T rbtree_node_next
00115460 00000054 T decode_utf16
001154b4 00000054 T encode_utf16
00115508 000000e0 T encode_utf8
001155e8 00000030 W __appExit
00115618 00000030 W __appInit
00115648 00000090 W __libctru_exit
001156d8 00000014 t archive_link
001156ec 00000014 t archive_dirreset
00115700 00000014 t archive_chmod
00115714 00000024 t error_cmp
00115738 00000050 t archive_translate_error
00115788 000000c0 t archive_seek
00115848 00000078 t _archiveInit.part.0
001158c0 000000d4 t archiveFindDevice.part.0
00115994 00000298 t archive_utf16path
00115c2c 00000098 t _archiveUnmountDeviceStruct.part.0
00115cc4 00000014 t archive_statvfs
00115cd8 00000014 t archive_fchmod
00115cec 00000178 t _archiveMountDevice
00115e64 000000f8 t archive_diropen
00115f5c 000000ac t archive_fstat
00116008 00000074 t archive_fsync
0011607c 00000074 t archive_close
001160f0 00000078 t archive_dirclose
00116168 000000ec t sdmc_statvfs
00116254 000000f8 t archive_chdir
0011634c 0000008c t archive_ftruncate
001163d8 000000bc t archive_read
00116494 000000a8 t archive_unlink
0011653c 000000c0 t archive_rmdir
001165fc 000000d8 t archive_mkdir
001166d4 000001a0 t archive_stat
00116874 00000164 t archive_dirnext
001169d8 0000013c t archive_write
00116b18 00000254 t archive_open
00116d6c 00000270 t archive_rename
00116fdc 000001c8 T archiveMountSdmc
001171a4 00000054 T archiveUnmountAll
001171f8 00000264 T sinf
0011745c 00000024 t with_errnof
00117480 0000001c T __math_invalidf
0011749c 000000c0 T ceilf
00117560 0000025c T cosf
001177bc 0000002c T __aeabi_d2lz
001177bc 0000002c T __fixdfdi
001177e8 00000040 T __aeabi_d2ulz
001177e8 00000040 T __fixunsdfdi
00117828 00000130 T __udivmoddi4
00117958 000000d8 T strncmp
00117a30 00000140 T strchr
00117b70 0000001c T srand
00117b8c 00000044 T rand
00117bd0 00000144 T _fclose_r
00117d14 00000020 T fclose
00117d34 0000003c T fprintf
00117d70 0000008c T strlen
00117dfc 0000003c T fscanf
00117e38 00000068 T sprintf
00117ea0 000000d8 T memcmp
00117f78 0000001c t stdio_exit_handler
00117f94 0000005c t cleanup_stdio
00117ff0 00000154 t global_stdio_init.part.0
00118144 00000138 T __sfp
0011827c 0000005c T __sinit
001182d8 0000000c T __sfp_lock_acquire
001182e4 0000000c T __sfp_lock_release
001182f0 000001ec t _strtoul_l.isra.0
001184dc 00000038 T _strtoul_r
00118514 0000003c T strtoul
00118550 00000084 T __libc_init_array
001185d4 0000009c T strncat
00118670 00000070 T _fwalk_sglue
001186e0 00000078 T bsearch
00118758 0000000c T __errno
00118764 00000028 T calloc
0011878c 000005e0 t get_arg
00118d70 00003554 T _vfprintf_r
0011c2c4 000000b4 t __sbprintf
0011c378 000000d8 T _calloc_r
0011c450 00000028 T realloc
0011c478 0000001c T _fseek_r
0011c494 00000034 T fseek
0011c4c8 00000028 T memalign
0011c4f0 0000082c T _malloc_r
0011cd1c 000000e8 T memchr
0011ce04 000001c0 t quorem
0011cfc8 00001420 T _dtoa_r
0011e3e8 000000a0 T _wcrtomb_r
0011e488 00000114 T _malloc_trim_r
0011e59c 00000314 T _free_r
0011e8b0 000000a0 T snprintf
0011e950 000005e0 t get_arg
0011ef30 0000345c T _svfprintf_r
0012238c 0000003c T strnlen
001223c8 00000040 T malloc
00122408 00000020 T free
00122428 0000022c T __sflush_r
00122654 000000c4 T _fflush_r
00122718 00000048 T time
00122760 000000e4 T memset
00122844 000004f0 T _realloc_r
00122d34 00000050 t get_arg
00122d84 00002bc4 T __svfscanf_r
00125948 00000040 T _vfscanf_r
00125988 00000334 T _fread_r
00125cbc 00000038 T fread
00125cf4 0000000c T __malloc_lock
00125d00 0000000c T __malloc_unlock
00125d0c 00000004 W __call_exitprocs
00125d10 00000030 T exit
00125d40 00000294 T setvbuf
00125fd4 00000134 T _fopen_r
00126108 00000028 T fopen
00126130 000000d4 T strncpy
00126204 00000034 T ftell
00126238 00000264 t _strtoull_l.isra.0
0012649c 00000038 T _strtoull_r
001264d4 0000012c T memcpy
00126600 00000028 T _wcsrtombs_r
00126628 000000c4 T _mbrtowc_r
001266ec 00000140 T __swsetup_r
0012682c 0000000c T nanf
00126838 00000088 T frexp
001268c0 00000044 T __sread
00126904 00000068 T __swrite
0012696c 00000040 T __sseek
001269ac 00000008 T __sclose
001269b4 0000016c T memmove
00126b20 0000005c T __assert_func
00126b7c 00000088 T _Balloc
00126c04 0000001c T _Bfree
00126c20 000000f4 T __multadd
00126d14 0000010c T __s2b
00126e20 00000080 T __hi0bits
00126ea0 000000f0 T __lo0bits
00126f90 000000a4 T __i2b
00127034 00000230 T __multiply
00127264 00000130 T __pow5mult
00127394 00000138 T __lshift
001274cc 00000058 T __mcmp
00127524 00000218 T __mdiff
0012773c 00000068 T __ulp
001277a4 000000d4 T __b2d
00127878 00000120 T __d2b
00127998 00000078 T __ratio
00127a10 0000008c T __copybits
00127a9c 0000005c T __any_on
00127af8 0000047c t _strtoll_l.isra.0
00127f74 00000038 T _strtoll_r
00127fac 00000024 T __locale_mb_cur_max
00127fd0 000000b8 T __submore
00128088 00000230 T _ungetc_r
001282b8 00000060 t sulp
00128318 00001428 T _strtod_l
00129740 00000044 T _strtod_r
00129784 000000a4 T __ssprint_r
00129828 0000003c T fiprintf
00129864 0000016c T _memalign_r
001299d0 0000015c T _wcsnrtombs_l
00129b2c 00000064 T _wcsnrtombs_r
00129b90 000000f4 t rshift
00129c84 000008b4 T __gethex
0012a538 00000340 T __utf8_mbtowc
0012a878 00000588 T _fseeko_r
0012ae00 00000030 T __sprint_r
0012ae30 00000008 T iswspace
0012ae38 00000014 T abort
0012ae4c 00000024 T _localeconv_r
0012ae70 000000b8 T __sflags
0012af28 00000384 t _strtol_l.part.0
0012b2ac 0000006c T _strtol_r
0012b318 0000003c T __libc_fini_array
0012b354 000000f8 T __sccl
0012b44c 00000038 t lflush
0012b484 000001a8 T __srefill_r
0012b62c 00000164 T __smakebuf_r
0012b790 00000090 T __swhatbuf_r
0012b820 000000dc T stpncpy
0012b8fc 0000012c T __ssputs_r
0012ba28 000001c4 T _ftello_r
0012bbec 000000f8 T __utf8_wctomb
0012bce4 00000070 T __match
0012bd54 000002a8 T __hexnan
0012c000 00000010 T nan
0012c010 000004a4 T __sfvwrite_r
0012c4b4 0000009c T _raise_r
0012c550 00000020 T raise
0012c570 00000038 T iswspace_l
0012c5a8 000005e0 t get_arg
0012cb88 000022f8 T _vfiprintf_r
0012ee80 000000b4 t __sbprintf
0012ef34 00000090 T category
0012efc4 00000020 T _exit
0012efe4 00000140 T chdir
0012f124 000001c8 T _concatenate_path
0012f2ec 0000009c T _fstat_r
0012f388 00000014 T _getpid_r
0012f39c 0000002c T __getreent
0012f3c8 00000030 T _gettimeofday_r
0012f3f8 000000a0 T __release_handle
0012f498 000000b0 T __alloc_handle
0012f548 00000058 T __get_handle
0012f5a0 00000110 T _close_r
0012f6b0 00000008 t null_write
0012f6b8 00000018 T setDefaultDevice
0012f6d0 000000c4 T FindDevice
0012f794 00000028 T RemoveDevice
0012f7bc 00000098 T AddDevice
0012f854 00000020 T GetDeviceOpTab
0012f874 00000008 T _isatty_r
0012f87c 00000014 T _kill_r
0012f890 00000094 T _lseek_r
0012f924 000000c0 T _open_r
0012f9e4 00000094 T _read_r
0012fa78 00000078 W _sbrk_r
0012faf0 0000001c T __libc_lock_acquire
0012fb0c 0000001c T __libc_lock_release
0012fb28 0000001c T __libc_lock_acquire_recursive
0012fb44 0000001c T __libc_lock_release_recursive
0012fb60 00000094 T _write_r
0012fbf4 00000048 T strrchr
0012fc3c T _fini
0013027c r .LC2
00130490 00000008 r s_defaultTint.0
00130498 R render2d_shbin
00130624 R render2d_shbin_end
00130624 R render2d_shbin_size
00130628 00000004 r depthFmtSizes
0013062c 00000005 r colorFmtSizes
00130634 00000010 r CSWTCH.11
00130644 00000038 r CSWTCH.19
00130684 00000030 r colorTable
001306b4 00000080 r romFS_devoptab
00130740 00000011 r dsp_filename.0
00130770 00000008 r morton_y.2
00130778 00000008 r morton_x.3
00130780 00000008 r s_sleepWakeEvents.4
00130788 0000000c r serviceNameTable.5
001307b8 00000030 r error_table
001307e8 00000080 r archive_devoptab
00130868 00000060 R __inv_pio4
001308c8 000000e0 R __sincosf_table
00130ad4 00000010 r zeroes.0
00130ae4 00000010 r blanks.1
00130be8 00000010 r zeroes.0
00130bf8 00000010 r blanks.1
00130c08 00000101 R _ctype_
00130e20 00000022 r basefix.0
00130e44 0000006c R __action_table
00130eb0 0000006c R __state_table
00130f1c 00000100 R __chclass
0013101c 0000000c r p05.0
00131028 00000028 R __mprec_bigtens
00131050 000000c8 R __mprec_tens
0013117c 00000014 r fpinan.0
00131190 00000014 r fpi.1
001311a8 00000028 r tinytens
001311d0 00000100 R __hexdig
001313bc 00000010 r zeroes.0
001313cc 00000010 r blanks.1
001313dc 000035dc r categories
001349b8 00000080 R dotab_stdnull
00134a38 R __tdata_align
00134a3c r __EH_FRAME_BEGIN__
00134a3c R __exidx_end
00134a3c R __exidx_start
00135000 00000004 d gBytesPerFrame
00135004 00000004 d gLives
00135008 00000004 D gWavRate
0013500c 00000008 d framerateCounter
00135014 00000004 d framerate
00135018 00000004 D currentConsole
0013501c 00000004 d queueLock
00135020 00000004 d aptChainloadDeliverArgSize
00135024 00000004 d kCount
00135028 00000004 d kInterval
0013502c 00000004 d kDelay
00135030 W __stacksize__
00135034 0000000c D __sglue
00135040 00000004 D __malloc_sbrk_base
00135044 00000004 D __malloc_trim_threshold
00135048 00000408 D __malloc_av_
00135450 00000004 D _impure_ptr
00135458 00000140 D _impure_data
00135598 0000016c D __global_locale
00135704 00000400 d _current_working_directory
00135b08 00001000 d handles
00136b08 0000000c d __stderr_handle
00136b14 0000000c d __stdout_handle
00136b20 0000000c d __stdin_handle
00136b2c 0000008c D devoptab_list
00136bb8 00000004 d defaultDevice
00136bc4 d _GLOBAL_OFFSET_TABLE_
00136bd0 d __frame_dummy_init_array_entry
00136bd0 D __init_array_start
00136bd0 B __preinit_array_end
00136bd0 B __preinit_array_start
00136bd0 D __tdata_lma
00136bd0 D __tdata_lma_end
00136bd4 d __do_global_dtors_aux_fini_array_entry
00136bd4 D __fini_array_start
00136bd4 D __init_array_end
00136bd8 D __bss_start__
00136bd8 D __fini_array_end
00136bd8 00000004 b gCurBuf
00136bdc 00000030 b gBuf
00136c0c 00000004 b gMusicFile
00136c10 00000008 b gBufData
00136c18 00000004 b gHighScore
00136c1c 00000004 b gDynBuf
00136c20 0000001c b gScoreText
00136c3c 00000001 b gMode
00136c40 00000004 b gScore
00136c44 00000004 b gSpawnTimer
00136c48 00000004 b gGameOverTimer
00136c4c 00000080 b gDots
00136ccc 00000001 b gState
00136cd0 00000004 B popSize
00136cd4 00000004 B popData
00136cd8 00000018 B popBuf
00136cf0 00000004 b gResultsBuf
00136cf4 00000004 b gUiBuf
00136cf8 00000004 b gLastRoundScore
00136cfc 00000001 b gResultsBuilt
00136d00 00000004 B audioSize
00136d04 00000004 B audioBuffer
00136d08 00000018 B waveBuf
00136d20 b completed.1
00136d24 b object.0
00136d40 000005a8 B __C2Di_Context
001372e8 00000040 b s_projBot
00137328 00000040 b s_projTop
00137368 00000004 b uLoc_mdlvMtx
0013736c 00000004 b uLoc_projMtx
00137370 00000004 b s_glyphSheets
00137374 00000004 b s_textScale
00137378 0000000c b hookCookie
00137388 000002d0 B __C3D_Context
00137658 00000004 b frameEndCbData
0013765c 00000004 b frameEndCb
00137660 00000008 b frameCounter
00137668 00000001 b isTopStereo
00137669 00000001 b needSwapBot
0013766a 00000001 b needSwapTop
0013766b 00000001 b measureGpuTime
0013766c 00000001 b inSafeTransfer
0013766d 00000001 b inFrame
00137670 00000010 b cpuTime
00137680 00000010 b gpuTime
00137690 0000000c b linkedTarget
0013769c 00000004 b lastTarget
001376a0 00000004 b firstTarget
001376a4 00000008 b C3Di_IVUnifEverDirty
001376ac 000000c0 b C3Di_FVUnifEverDirty
0013776c 00000018 b C3Di_ShaderFVecData
00137784 00000002 B C3D_BoolUnifsDirty
00137788 00000008 B C3D_IVUnifDirty
00137790 000000c0 B C3D_FVUnifDirty
00137850 00000004 B C3D_BoolUnifs
00137854 00000020 B C3D_IVUnif
00137874 00000c00 B C3D_FVUnif
00138478 00000008 b sLinearPool
00138480 0000000c b sAddrMap
00138490 00000008 b sVramPoolB
00138498 00000008 b sVramPoolA
001384a0 0000000c b sAddrMap
001384ac 00000048 B currentCopy
001384f4 00000004 b sharedFontAddr
001384f8 00000004 B g_sharedFont
001384fc 00000004 b screenAlloc
00138500 00000004 b screenFree
00138504 00000002 b gfxIsDoubleBuf
00138508 00000002 b gfxCurBuf
0013850a 00000001 b gfxIsVram
0013850b 00000001 b gfxTopMode
0013850c 00000002 b gfxFramebufferFormats
00138510 00000004 b gfxBottomFramebufferMaxSize
00138514 00000004 b gfxTopFramebufferMaxSize
00138518 00000008 b gfxBottomFramebuffers
00138520 00000008 b gfxTopFramebuffers
00138528 00000001 V __ctru_speedup
0013852c 00000004 b romfs_mount_list
00138530 00000004 V __romfs_path
00138534 00000004 B gpuCmdBufOffset
00138538 00000004 B gpuCmdBufSize
0013853c 00000004 B gpuCmdBuf
00138540 00000004 b boundQueue
00138544 00000001 b shouldStop
00138545 00000001 b isRunning
00138546 00000001 b isActive
00138548 00000004 b curQueue
0013854c 00000004 b ndspRefCount
00138550 00000048 b ndspMaster
00138598 00000004 b ndspThread
0013859c 00000001 b ndspThreadRun
001385a0 00001080 b dspVar5Backup
00139620 00000004 b ndspMutex
00139624 00000008 b sleepEvent
0013962c 00000004 b dspSem
00139630 00000004 b irqEvent
00139634 00000008 b ndspHookCookie
0013963c 00000001 b componentFree
0013963e 00000002 b componentDataMask
00139640 00000002 b componentProgMask
00139644 00000004 b componentSize
00139648 00000004 b componentBin
0013964c 00000004 b frameCount
00139650 00000004 b droppedFrames
00139654 00000001 b bCancelReceived
00139655 00000001 b bSleeping
00139656 00000001 b bEnteringSleep
00139657 00000001 b bDspReady
00139658 00000080 B ndspVars
001396d8 00000002 B ndspBufferId
001396da 00000002 B ndspBufferCurId
001396dc 00000002 B ndspFrameId
001396e0 00000c60 b ndspChn
0013a340 00000001 b flagValue.0
0013a341 00000001 b flagInit.1
0013a344 00000004 b serviceName.6
0013a348 00000001 b aptChainloadFlags
0013a349 00000001 b aptChainloadMediatype
0013a34c 00000020 b aptChainloadHmac
0013a36c 00000300 b aptChainloadDeliverArg
0013a670 00000008 b aptChainloadTid
0013a678 00001000 b aptParameters
0013b678 00000004 b aptFlags
0013b67c 00000001 b aptHomeButtonState
0013b680 00000004 b aptMessageFuncData
0013b684 00000004 b aptMessageFunc
0013b688 0000000c b aptFirstHook
0013b694 00000001 b aptEventHandlerThreadQuit
0013b698 00000004 b aptEventHandlerThread
0013b69c 00000008 b aptSleepEvent
0013b6a4 00000008 b aptReceiveEvent
0013b6ac 00000008 b aptEvents
0013b6b4 00000004 b aptLockHandle
0013b6b8 00000004 b aptRefCount
0013b6bc 00000004 b cfguRefCount
0013b6c0 00000004 b cfguHandle
0013b6c4 00000002 b dspSavedCompDataMask
0013b6c6 00000002 b dspSavedCompProgMask
0013b6c8 00000004 b dspSavedCompSize
0013b6cc 00000004 b dspSavedCompBin
0013b6d0 00000001 b dspSleeping
0013b6d1 00000001 b dspComponentLoaded
0013b6d4 00000008 b dspFirstHook
0013b6dc 00000004 b dspRefCount
0013b6e0 00000004 b dspHandle
0013b6e8 00000080 b fsExemptArchives
0013b768 00000004 b fsuRefCount
0013b76c 00000004 b fsuHandle
0013b770 00000007 b gspEventCbOneShot
0013b778 0000001c b gspEventCbData
0013b794 0000001c b gspEventCb
0013b7b0 00000038 b gspEvents
0013b7e8 00000004 b gspLastEvent
0013b7ec 00000001 b gspRunEvents
0013b7f0 00000004 b gspEventThread
0013b7f4 00000004 b gspEvent
0013b7f8 00000001 b gspGpuRight
0013b7f9 00000001 b gspThreadId
0013b7fc 00000004 b gspSharedMem
0013b800 00000004 b gspSharedMemHandle
0013b804 00000004 b gspRefCount
0013b808 00000004 b gspGpuHandle
0013b80c 00000001 b usingIrrst
0013b810 00000004 b hidRefCount
0013b814 00000006 b gRate
0013b81c 00000006 b aVec
0013b824 00000004 b cPos
0013b828 00000004 b tPos
0013b82c 00000004 b kRepeat
0013b830 00000004 b kUp
0013b834 00000004 b kDown
0013b838 00000004 b kHeld
0013b83c 00000004 b kOld
0013b840 00000004 B hidSharedMem
0013b844 00000014 B hidEvents
0013b858 00000004 B hidMemHandle
0013b85c 00000004 B hidHandle
0013b860 00000004 b irrstRefCount
0013b864 00000004 b csPos
0013b868 00000004 b kHeld
0013b86c 00000004 B irrstSharedMem
0013b870 00000004 B irrstEvent
0013b874 00000004 B irrstMemHandle
0013b878 00000004 B irrstHandle
0013b87c 00000004 b ptmSysmRefCount
0013b880 00000004 b ptmSysmHandle
0013b884 00000004 V __ctru_linear_heap_size
0013b888 00000004 V __ctru_heap_size
0013b88c 00000004 B __ctru_linear_heap
0013b890 00000004 B __ctru_heap
0013b894 00000004 B __system_retAddr
0013b898 00000004 B __system_argv
0013b89c 00000004 B __system_argc
0013b8a0 b saved_stack
0013b8a8 00000004 B __3dslink_host
0013b8ac 00000004 b srvRefCount
0013b8b0 00000004 b srvHandle
0013b8b4 00000004 b arbiter
0013b8b8 00000004 b currentAddr
0013b8bc 00000004 b maxAddr
0013b8c0 00000004 b minAddr
0013b8c4 00000004 b srvPmHandle
0013b8c8 000005c0 b archive_devices
0013be88 00000004 b archive_device_cwd
0013be8c 00000001 b archive_initialized
0013be90 0000000c b __sfp_recursive_mutex
0013bea0 00000168 B __sf
0013c008 00000004 B __stdio_exit_handler
0013c00c 00000028 B __malloc_current_mallinfo
0013c034 00000004 B __malloc_max_total_mem
0013c038 00000004 B __malloc_max_sbrked_mem
0013c03c 00000004 B __malloc_top_pad
0013c040 0000000c b __malloc_recursive_mutex
0013c04c 00000400 b temp_cwd
0013c44c 00000004 b __hndl_lock
0013c450 00000004 B fake_heap_start
0013c454 00000004 B fake_heap_end
0013c458 00000004 b heap_start.0
0013c45c B __tls_start
0013d064 B __bss_end__
0013d064 A __end__
0013d064 B __tls_end
